      4000     0.010
  -0.374E-07   0.217E-07  -0.308E-07   0.217E-07  -0.392E-07   0.151E-07  -0.339E-07   0.236E-07
  -0.267E-07   0.180E-07  -0.327E-07   0.193E-07  -0.311E-07   0.253E-07  -0.367E-07   0.221E-07
  -0.274E-07   0.200E-07  -0.312E-07   0.226E-07  -0.311E-07   0.286E-07  -0.349E-07   0.271E-07
  -0.363E-07   0.193E-07  -0.300E-07   0.212E-07  -0.195E-07   0.268E-07  -0.322E-07   0.197E-07
  -0.284E-07   0.215E-07  -0.330E-07   0.221E-07  -0.346E-07   0.199E-07  -0.300E-07   0.247E-07
  -0.348E-07   0.254E-07  -0.253E-07   0.279E-07  -0.396E-07   0.228E-07  -0.347E-07   0.230E-07
  -0.294E-07   0.242E-07  -0.302E-07   0.288E-07  -0.384E-07   0.244E-07  -0.302E-07   0.273E-07
  -0.354E-07   0.216E-07  -0.319E-07   0.181E-07  -0.341E-07   0.238E-07  -0.359E-07   0.260E-07
  -0.317E-07   0.266E-07  -0.336E-07   0.256E-07  -0.290E-07   0.198E-07  -0.267E-07   0.311E-07
  -0.311E-07   0.328E-07  -0.322E-07   0.259E-07  -0.339E-07   0.285E-07  -0.330E-07   0.205E-07
  -0.371E-07   0.223E-07  -0.343E-07   0.275E-07  -0.347E-07   0.238E-07  -0.362E-07   0.256E-07
  -0.381E-07   0.268E-07  -0.371E-07   0.210E-07  -0.380E-07   0.308E-07  -0.353E-07   0.300E-07
  -0.430E-07   0.300E-07  -0.337E-07   0.262E-07  -0.398E-07   0.314E-07  -0.364E-07   0.286E-07
  -0.368E-07   0.288E-07  -0.377E-07   0.272E-07  -0.391E-07   0.311E-07  -0.387E-07   0.298E-07
  -0.414E-07   0.305E-07  -0.299E-07   0.339E-07  -0.409E-07   0.335E-07  -0.359E-07   0.325E-07
  -0.383E-07   0.238E-07  -0.392E-07   0.261E-07  -0.352E-07   0.356E-07  -0.357E-07   0.337E-07
  -0.406E-07   0.342E-07  -0.360E-07   0.317E-07  -0.373E-07   0.288E-07  -0.306E-07   0.357E-07
  -0.370E-07   0.399E-07  -0.372E-07   0.344E-07  -0.435E-07   0.326E-07  -0.371E-07   0.326E-07
  -0.392E-07   0.390E-07  -0.410E-07   0.361E-07  -0.369E-07   0.385E-07  -0.392E-07   0.342E-07
  -0.425E-07   0.321E-07  -0.346E-07   0.265E-07  -0.368E-07   0.394E-07  -0.497E-07   0.386E-07
  -0.421E-07   0.364E-07  -0.377E-07   0.253E-07  -0.404E-07   0.308E-07  -0.392E-07   0.361E-07
  -0.484E-07   0.396E-07  -0.418E-07   0.275E-07  -0.339E-07   0.345E-07  -0.270E-07   0.345E-07
  -0.414E-07   0.433E-07  -0.443E-07   0.406E-07  -0.394E-07   0.297E-07  -0.457E-07   0.348E-07
  -0.432E-07   0.345E-07  -0.368E-07   0.390E-07  -0.597E-07   0.401E-07  -0.451E-07   0.309E-07
  -0.491E-07   0.266E-07  -0.411E-07   0.329E-07  -0.445E-07   0.501E-07  -0.523E-07   0.407E-07
  -0.474E-07   0.392E-07  -0.383E-07   0.347E-07  -0.397E-07   0.381E-07  -0.445E-07   0.408E-07
  -0.526E-07   0.455E-07  -0.525E-07   0.373E-07  -0.335E-07   0.412E-07  -0.386E-07   0.348E-07
  -0.505E-07   0.467E-07  -0.556E-07   0.482E-07  -0.445E-07   0.410E-07  -0.508E-07   0.379E-07
  -0.482E-07   0.353E-07  -0.606E-07   0.331E-07  -0.505E-07   0.439E-07  -0.551E-07   0.410E-07
  -0.682E-07   0.298E-07  -0.517E-07   0.324E-07  -0.534E-07   0.415E-07  -0.591E-07   0.470E-07
  -0.618E-07   0.408E-07  -0.498E-07   0.319E-07  -0.603E-07   0.398E-07  -0.510E-07   0.522E-07
  -0.696E-07   0.451E-07  -0.618E-07   0.408E-07  -0.608E-07   0.372E-07  -0.565E-07   0.389E-07
  -0.632E-07   0.372E-07  -0.613E-07   0.424E-07  -0.575E-07   0.439E-07  -0.639E-07   0.410E-07
  -0.653E-07   0.439E-07  -0.596E-07   0.439E-07  -0.710E-07   0.448E-07  -0.577E-07   0.482E-07
  -0.639E-07   0.410E-07  -0.663E-07   0.381E-07  -0.639E-07   0.496E-07  -0.653E-07   0.496E-07
  -0.701E-07   0.486E-07  -0.687E-07   0.458E-07  -0.687E-07   0.443E-07  -0.691E-07   0.477E-07
  -0.725E-07   0.472E-07  -0.710E-07   0.439E-07  -0.725E-07   0.410E-07  -0.763E-07   0.448E-07
  -0.706E-07   0.391E-07  -0.763E-07   0.477E-07  -0.772E-07   0.429E-07  -0.753E-07   0.482E-07
  -0.772E-07   0.474E-07  -0.744E-07   0.482E-07  -0.739E-07   0.541E-07  -0.734E-07   0.539E-07
  -0.794E-07   0.505E-07  -0.801E-07   0.584E-07  -0.782E-07   0.510E-07  -0.818E-07   0.510E-07
  -0.832E-07   0.520E-07  -0.870E-07   0.529E-07  -0.827E-07   0.510E-07  -0.839E-07   0.539E-07
  -0.808E-07   0.544E-07  -0.894E-07   0.563E-07  -0.889E-07   0.520E-07  -0.944E-07   0.570E-07
  -0.863E-07   0.474E-07  -0.867E-07   0.577E-07  -0.879E-07   0.571E-07  -0.989E-07   0.584E-07
  -0.904E-07   0.603E-07  -0.931E-07   0.572E-07  -0.907E-07   0.610E-07  -0.992E-07   0.565E-07
  -0.931E-07   0.551E-07  -0.104E-06   0.600E-07  -0.100E-06   0.600E-07  -0.105E-06   0.566E-07
  -0.101E-06   0.592E-07  -0.108E-06   0.660E-07  -0.108E-06   0.631E-07  -0.112E-06   0.522E-07
  -0.100E-06   0.607E-07  -0.113E-06   0.570E-07  -0.119E-06   0.613E-07  -0.123E-06   0.625E-07
  -0.117E-06   0.639E-07  -0.125E-06   0.566E-07  -0.126E-06   0.604E-07  -0.122E-06   0.621E-07
  -0.124E-06   0.721E-07  -0.129E-06   0.658E-07  -0.128E-06   0.678E-07  -0.129E-06   0.637E-07
  -0.132E-06   0.712E-07  -0.138E-06   0.741E-07  -0.135E-06   0.691E-07  -0.136E-06   0.711E-07
  -0.143E-06   0.714E-07  -0.145E-06   0.733E-07  -0.152E-06   0.674E-07  -0.154E-06   0.668E-07
  -0.147E-06   0.701E-07  -0.160E-06   0.718E-07  -0.160E-06   0.736E-07  -0.163E-06   0.733E-07
  -0.164E-06   0.799E-07  -0.163E-06   0.789E-07  -0.174E-06   0.765E-07  -0.180E-06   0.785E-07
  -0.174E-06   0.794E-07  -0.183E-06   0.796E-07  -0.187E-06   0.791E-07  -0.193E-06   0.848E-07
  -0.194E-06   0.902E-07  -0.199E-06   0.862E-07  -0.210E-06   0.888E-07  -0.205E-06   0.894E-07
  -0.210E-06   0.929E-07  -0.223E-06   0.931E-07  -0.228E-06   0.965E-07  -0.231E-06   0.920E-07
  -0.238E-06   0.100E-06  -0.248E-06   0.102E-06  -0.252E-06   0.103E-06  -0.264E-06   0.102E-06
  -0.266E-06   0.110E-06  -0.276E-06   0.113E-06  -0.284E-06   0.118E-06  -0.294E-06   0.125E-06
  -0.305E-06   0.138E-06  -0.312E-06   0.143E-06  -0.326E-06   0.145E-06  -0.344E-06   0.150E-06
  -0.356E-06   0.167E-06  -0.377E-06   0.177E-06  -0.397E-06   0.191E-06  -0.419E-06   0.206E-06
  -0.455E-06   0.225E-06  -0.489E-06   0.258E-06  -0.532E-06   0.292E-06  -0.588E-06   0.336E-06
  -0.659E-06   0.398E-06  -0.775E-06   0.503E-06  -0.956E-06   0.677E-06  -0.131E-05   0.106E-05
  -0.229E-05   0.260E-05  -0.145E-04  -0.308E-04  -0.268E-04  -0.294E-04  -0.278E-04  -0.290E-04
  -0.282E-04  -0.288E-04  -0.285E-04  -0.286E-04  -0.286E-04  -0.284E-04  -0.288E-04  -0.280E-04
  -0.289E-04  -0.228E-04  -0.168E-04  -0.173E-04  -0.169E-04  -0.167E-04  -0.173E-04  -0.162E-04
  -0.182E-04  -0.147E-04  -0.304E-04  -0.481E-04  -0.427E-04  -0.468E-04  -0.438E-04  -0.468E-04
  -0.461E-04  -0.515E-04  -0.482E-04  -0.526E-04  -0.470E-04  -0.648E-04  -0.805E-04  -0.769E-04
  -0.790E-04  -0.731E-04  -0.661E-04  -0.691E-04  -0.643E-04  -0.810E-04  -0.974E-04  -0.927E-04
  -0.939E-04  -0.936E-04  -0.917E-04  -0.106E-03  -0.120E-03  -0.106E-03  -0.115E-03  -0.105E-03
  -0.128E-03  -0.143E-03  -0.143E-03  -0.141E-03  -0.152E-03  -0.162E-03  -0.160E-03  -0.159E-03
  -0.173E-03  -0.194E-03  -0.180E-03  -0.194E-03  -0.215E-03  -0.206E-03  -0.226E-03  -0.233E-03
  -0.236E-03  -0.260E-03  -0.247E-03  -0.268E-03  -0.273E-03  -0.290E-03  -0.304E-03  -0.310E-03
  -0.323E-03  -0.330E-03  -0.366E-03  -0.363E-03  -0.384E-03  -0.391E-03  -0.397E-03  -0.431E-03
  -0.433E-03  -0.448E-03  -0.474E-03  -0.495E-03  -0.522E-03  -0.528E-03  -0.537E-03  -0.564E-03
  -0.585E-03  -0.604E-03  -0.629E-03  -0.652E-03  -0.674E-03  -0.703E-03  -0.714E-03  -0.758E-03
  -0.796E-03  -0.811E-03  -0.831E-03  -0.861E-03  -0.908E-03  -0.922E-03  -0.961E-03  -0.994E-03
  -0.102E-02  -0.108E-02  -0.111E-02  -0.114E-02  -0.119E-02  -0.124E-02  -0.126E-02  -0.128E-02
  -0.134E-02  -0.138E-02  -0.145E-02  -0.150E-02  -0.155E-02  -0.159E-02  -0.165E-02  -0.170E-02
  -0.175E-02  -0.181E-02  -0.187E-02  -0.194E-02  -0.200E-02  -0.206E-02  -0.211E-02  -0.220E-02
  -0.228E-02  -0.234E-02  -0.240E-02  -0.248E-02  -0.256E-02  -0.263E-02  -0.273E-02  -0.282E-02
  -0.291E-02  -0.300E-02  -0.309E-02  -0.317E-02  -0.328E-02  -0.338E-02  -0.347E-02  -0.359E-02
  -0.368E-02  -0.378E-02  -0.391E-02  -0.403E-02  -0.414E-02  -0.426E-02  -0.440E-02  -0.451E-02
  -0.463E-02  -0.478E-02  -0.493E-02  -0.505E-02  -0.519E-02  -0.536E-02  -0.551E-02  -0.566E-02
  -0.582E-02  -0.597E-02  -0.613E-02  -0.631E-02  -0.649E-02  -0.666E-02  -0.684E-02  -0.703E-02
  -0.723E-02  -0.741E-02  -0.762E-02  -0.781E-02  -0.802E-02  -0.822E-02  -0.843E-02  -0.865E-02
  -0.888E-02  -0.912E-02  -0.933E-02  -0.958E-02  -0.983E-02  -0.101E-01  -0.103E-01  -0.106E-01
  -0.108E-01  -0.111E-01  -0.114E-01  -0.117E-01  -0.120E-01  -0.123E-01  -0.125E-01  -0.129E-01
  -0.131E-01  -0.135E-01  -0.138E-01  -0.141E-01  -0.144E-01  -0.148E-01  -0.151E-01  -0.155E-01
  -0.158E-01  -0.162E-01  -0.165E-01  -0.169E-01  -0.173E-01  -0.176E-01  -0.180E-01  -0.184E-01
  -0.188E-01  -0.192E-01  -0.196E-01  -0.201E-01  -0.205E-01  -0.209E-01  -0.214E-01  -0.218E-01
  -0.223E-01  -0.227E-01  -0.232E-01  -0.236E-01  -0.241E-01  -0.246E-01  -0.250E-01  -0.256E-01
  -0.261E-01  -0.265E-01  -0.271E-01  -0.276E-01  -0.281E-01  -0.286E-01  -0.291E-01  -0.297E-01
  -0.302E-01  -0.308E-01  -0.313E-01  -0.319E-01  -0.325E-01  -0.330E-01  -0.336E-01  -0.342E-01
  -0.348E-01  -0.354E-01  -0.360E-01  -0.366E-01  -0.371E-01  -0.378E-01  -0.384E-01  -0.390E-01
  -0.396E-01  -0.402E-01  -0.408E-01  -0.415E-01  -0.421E-01  -0.427E-01  -0.434E-01  -0.440E-01
  -0.447E-01  -0.453E-01  -0.460E-01  -0.466E-01  -0.473E-01  -0.479E-01  -0.486E-01  -0.492E-01
  -0.499E-01  -0.505E-01  -0.512E-01  -0.519E-01  -0.525E-01  -0.532E-01  -0.538E-01  -0.545E-01
  -0.551E-01  -0.558E-01  -0.564E-01  -0.571E-01  -0.577E-01  -0.583E-01  -0.590E-01  -0.596E-01
  -0.602E-01  -0.609E-01  -0.615E-01  -0.621E-01  -0.627E-01  -0.633E-01  -0.639E-01  -0.645E-01
  -0.651E-01  -0.656E-01  -0.662E-01  -0.668E-01  -0.673E-01  -0.679E-01  -0.684E-01  -0.689E-01
  -0.694E-01  -0.699E-01  -0.704E-01  -0.709E-01  -0.714E-01  -0.718E-01  -0.723E-01  -0.727E-01
  -0.731E-01  -0.735E-01  -0.739E-01  -0.743E-01  -0.746E-01  -0.750E-01  -0.753E-01  -0.756E-01
  -0.759E-01  -0.762E-01  -0.764E-01  -0.767E-01  -0.769E-01  -0.771E-01  -0.773E-01  -0.774E-01
  -0.776E-01  -0.777E-01  -0.778E-01  -0.778E-01  -0.779E-01  -0.779E-01  -0.779E-01  -0.779E-01
  -0.779E-01  -0.778E-01  -0.777E-01  -0.776E-01  -0.775E-01  -0.773E-01  -0.771E-01  -0.769E-01
  -0.766E-01  -0.763E-01  -0.760E-01  -0.757E-01  -0.754E-01  -0.750E-01  -0.746E-01  -0.741E-01
  -0.736E-01  -0.731E-01  -0.726E-01  -0.720E-01  -0.714E-01  -0.708E-01  -0.701E-01  -0.695E-01
  -0.687E-01  -0.680E-01  -0.672E-01  -0.664E-01  -0.655E-01  -0.646E-01  -0.637E-01  -0.628E-01
  -0.618E-01  -0.608E-01  -0.597E-01  -0.587E-01  -0.576E-01  -0.564E-01  -0.552E-01  -0.540E-01
  -0.528E-01  -0.515E-01  -0.502E-01  -0.489E-01  -0.475E-01  -0.461E-01  -0.447E-01  -0.433E-01
  -0.418E-01  -0.402E-01  -0.387E-01  -0.371E-01  -0.355E-01  -0.338E-01  -0.322E-01  -0.305E-01
  -0.287E-01  -0.269E-01  -0.252E-01  -0.233E-01  -0.215E-01  -0.196E-01  -0.177E-01  -0.158E-01
  -0.138E-01  -0.119E-01  -0.985E-02  -0.782E-02  -0.577E-02  -0.371E-02  -0.160E-02   0.507E-03
   0.263E-02   0.480E-02   0.699E-02   0.920E-02   0.114E-01   0.136E-01   0.159E-01   0.182E-01
   0.205E-01   0.227E-01   0.250E-01   0.274E-01   0.297E-01   0.320E-01   0.344E-01   0.368E-01
   0.392E-01   0.416E-01   0.440E-01   0.463E-01   0.487E-01   0.512E-01   0.536E-01   0.560E-01
   0.584E-01   0.608E-01   0.632E-01   0.656E-01   0.681E-01   0.705E-01   0.729E-01   0.753E-01
   0.777E-01   0.801E-01   0.824E-01   0.848E-01   0.872E-01   0.895E-01   0.918E-01   0.941E-01
   0.965E-01   0.988E-01   0.101E+00   0.103E+00   0.106E+00   0.108E+00   0.110E+00   0.112E+00
   0.114E+00   0.116E+00   0.118E+00   0.121E+00   0.123E+00   0.125E+00   0.127E+00   0.129E+00
   0.131E+00   0.132E+00   0.134E+00   0.136E+00   0.138E+00   0.140E+00   0.141E+00   0.143E+00
   0.145E+00   0.146E+00   0.148E+00   0.150E+00   0.151E+00   0.153E+00   0.154E+00   0.155E+00
   0.157E+00   0.158E+00   0.159E+00   0.160E+00   0.162E+00   0.163E+00   0.164E+00   0.165E+00
   0.166E+00   0.167E+00   0.168E+00   0.168E+00   0.169E+00   0.170E+00   0.171E+00   0.171E+00
   0.172E+00   0.172E+00   0.173E+00   0.173E+00   0.174E+00   0.174E+00   0.174E+00   0.174E+00
   0.175E+00   0.175E+00   0.175E+00   0.175E+00   0.175E+00   0.175E+00   0.174E+00   0.174E+00
   0.174E+00   0.174E+00   0.173E+00   0.173E+00   0.172E+00   0.172E+00   0.171E+00   0.171E+00
   0.170E+00   0.169E+00   0.168E+00   0.168E+00   0.167E+00   0.166E+00   0.165E+00   0.164E+00
   0.163E+00   0.162E+00   0.161E+00   0.159E+00   0.158E+00   0.157E+00   0.155E+00   0.154E+00
   0.153E+00   0.151E+00   0.150E+00   0.148E+00   0.147E+00   0.145E+00   0.143E+00   0.142E+00
   0.140E+00   0.138E+00   0.136E+00   0.134E+00   0.133E+00   0.131E+00   0.129E+00   0.127E+00
   0.125E+00   0.123E+00   0.121E+00   0.119E+00   0.117E+00   0.114E+00   0.112E+00   0.110E+00
   0.108E+00   0.106E+00   0.103E+00   0.101E+00   0.989E-01   0.966E-01   0.943E-01   0.920E-01
   0.896E-01   0.873E-01   0.850E-01   0.826E-01   0.802E-01   0.778E-01   0.754E-01   0.730E-01
   0.706E-01   0.682E-01   0.658E-01   0.634E-01   0.610E-01   0.586E-01   0.561E-01   0.537E-01
   0.513E-01   0.489E-01   0.465E-01   0.441E-01   0.417E-01   0.393E-01   0.369E-01   0.346E-01
   0.322E-01   0.298E-01   0.275E-01   0.252E-01   0.229E-01   0.206E-01   0.183E-01   0.160E-01
   0.138E-01   0.115E-01   0.930E-02   0.709E-02   0.492E-02   0.276E-02   0.618E-03  -0.151E-02
  -0.362E-02  -0.568E-02  -0.774E-02  -0.976E-02  -0.118E-01  -0.138E-01  -0.157E-01  -0.176E-01
  -0.195E-01  -0.214E-01  -0.233E-01  -0.251E-01  -0.269E-01  -0.287E-01  -0.304E-01  -0.321E-01
  -0.338E-01  -0.354E-01  -0.371E-01  -0.386E-01  -0.402E-01  -0.417E-01  -0.432E-01  -0.447E-01
  -0.461E-01  -0.475E-01  -0.489E-01  -0.502E-01  -0.515E-01  -0.528E-01  -0.540E-01  -0.552E-01
  -0.564E-01  -0.576E-01  -0.587E-01  -0.597E-01  -0.608E-01  -0.618E-01  -0.628E-01  -0.637E-01
  -0.646E-01  -0.655E-01  -0.664E-01  -0.672E-01  -0.680E-01  -0.687E-01  -0.695E-01  -0.701E-01
  -0.708E-01  -0.714E-01  -0.720E-01  -0.726E-01  -0.731E-01  -0.737E-01  -0.741E-01  -0.746E-01
  -0.750E-01  -0.754E-01  -0.758E-01  -0.761E-01  -0.764E-01  -0.767E-01  -0.769E-01  -0.771E-01
  -0.773E-01  -0.775E-01  -0.777E-01  -0.778E-01  -0.779E-01  -0.779E-01  -0.780E-01  -0.780E-01
  -0.780E-01  -0.779E-01  -0.779E-01  -0.778E-01  -0.777E-01  -0.776E-01  -0.775E-01  -0.773E-01
  -0.771E-01  -0.770E-01  -0.767E-01  -0.765E-01  -0.762E-01  -0.760E-01  -0.757E-01  -0.754E-01
  -0.750E-01  -0.747E-01  -0.743E-01  -0.740E-01  -0.736E-01  -0.732E-01  -0.728E-01  -0.723E-01
  -0.719E-01  -0.715E-01  -0.710E-01  -0.705E-01  -0.700E-01  -0.695E-01  -0.690E-01  -0.685E-01
  -0.679E-01  -0.674E-01  -0.668E-01  -0.663E-01  -0.657E-01  -0.651E-01  -0.645E-01  -0.640E-01
  -0.634E-01  -0.628E-01  -0.622E-01  -0.615E-01  -0.609E-01  -0.603E-01  -0.597E-01  -0.590E-01
  -0.584E-01  -0.578E-01  -0.571E-01  -0.565E-01  -0.558E-01  -0.552E-01  -0.545E-01  -0.539E-01
  -0.532E-01  -0.526E-01  -0.519E-01  -0.513E-01  -0.506E-01  -0.499E-01  -0.493E-01  -0.486E-01
  -0.480E-01  -0.473E-01  -0.467E-01  -0.460E-01  -0.454E-01  -0.447E-01  -0.441E-01  -0.434E-01
  -0.428E-01  -0.421E-01  -0.415E-01  -0.409E-01  -0.403E-01  -0.396E-01  -0.390E-01  -0.384E-01
  -0.378E-01  -0.372E-01  -0.366E-01  -0.360E-01  -0.354E-01  -0.348E-01  -0.342E-01  -0.336E-01
  -0.330E-01  -0.325E-01  -0.319E-01  -0.314E-01  -0.308E-01  -0.303E-01  -0.297E-01  -0.292E-01
  -0.286E-01  -0.281E-01  -0.276E-01  -0.271E-01  -0.266E-01  -0.261E-01  -0.256E-01  -0.251E-01
  -0.246E-01  -0.241E-01  -0.236E-01  -0.232E-01  -0.227E-01  -0.222E-01  -0.218E-01  -0.214E-01
  -0.209E-01  -0.205E-01  -0.201E-01  -0.196E-01  -0.192E-01  -0.188E-01  -0.184E-01  -0.181E-01
  -0.177E-01  -0.173E-01  -0.169E-01  -0.165E-01  -0.162E-01  -0.158E-01  -0.155E-01  -0.151E-01
  -0.148E-01  -0.144E-01  -0.141E-01  -0.138E-01  -0.135E-01  -0.131E-01  -0.128E-01  -0.126E-01
  -0.123E-01  -0.120E-01  -0.117E-01  -0.114E-01  -0.111E-01  -0.108E-01  -0.106E-01  -0.103E-01
  -0.101E-01  -0.983E-02  -0.958E-02  -0.933E-02  -0.911E-02  -0.889E-02  -0.865E-02  -0.844E-02
  -0.821E-02  -0.802E-02  -0.780E-02  -0.759E-02  -0.739E-02  -0.721E-02  -0.702E-02  -0.683E-02
  -0.665E-02  -0.648E-02  -0.632E-02  -0.613E-02  -0.598E-02  -0.582E-02  -0.566E-02  -0.549E-02
  -0.534E-02  -0.520E-02  -0.506E-02  -0.492E-02  -0.477E-02  -0.463E-02  -0.452E-02  -0.439E-02
  -0.427E-02  -0.414E-02  -0.401E-02  -0.389E-02  -0.379E-02  -0.368E-02  -0.356E-02  -0.347E-02
  -0.337E-02  -0.326E-02  -0.316E-02  -0.309E-02  -0.299E-02  -0.287E-02  -0.280E-02  -0.273E-02
  -0.264E-02  -0.257E-02  -0.249E-02  -0.240E-02  -0.234E-02  -0.227E-02  -0.220E-02  -0.212E-02
  -0.206E-02  -0.198E-02  -0.192E-02  -0.186E-02  -0.181E-02  -0.176E-02  -0.170E-02  -0.164E-02
  -0.156E-02  -0.154E-02  -0.150E-02  -0.144E-02  -0.138E-02  -0.134E-02  -0.130E-02  -0.126E-02
  -0.122E-02  -0.117E-02  -0.115E-02  -0.111E-02  -0.106E-02  -0.101E-02  -0.987E-03  -0.950E-03
  -0.929E-03  -0.901E-03  -0.868E-03  -0.833E-03  -0.808E-03  -0.788E-03  -0.742E-03  -0.719E-03
  -0.699E-03  -0.661E-03  -0.658E-03  -0.627E-03  -0.608E-03  -0.590E-03  -0.579E-03  -0.545E-03
  -0.511E-03  -0.501E-03  -0.483E-03  -0.468E-03  -0.447E-03  -0.439E-03  -0.418E-03  -0.402E-03
  -0.384E-03  -0.375E-03  -0.376E-03  -0.351E-03  -0.334E-03  -0.307E-03  -0.308E-03  -0.312E-03
  -0.281E-03  -0.279E-03  -0.271E-03  -0.261E-03  -0.261E-03  -0.228E-03  -0.231E-03  -0.218E-03
  -0.210E-03  -0.198E-03  -0.190E-03  -0.189E-03  -0.174E-03  -0.188E-03  -0.163E-03  -0.165E-03
  -0.152E-03  -0.137E-03  -0.148E-03  -0.132E-03  -0.125E-03  -0.134E-03  -0.119E-03  -0.109E-03
  -0.114E-03  -0.120E-03  -0.105E-03  -0.927E-04  -0.931E-04  -0.100E-03  -0.888E-04  -0.723E-04
  -0.869E-04  -0.758E-04  -0.900E-04  -0.721E-04  -0.568E-04  -0.627E-04  -0.677E-04  -0.631E-04
  -0.663E-04  -0.543E-04  -0.429E-04  -0.466E-04  -0.427E-04  -0.475E-04  -0.533E-04  -0.478E-04
  -0.539E-04  -0.347E-04  -0.227E-04  -0.341E-04  -0.282E-04  -0.299E-04  -0.282E-04  -0.305E-04
  -0.318E-04  -0.393E-04  -0.344E-04  -0.411E-04  -0.218E-04  -0.408E-05  -0.925E-05  -0.575E-05
  -0.137E-04  -0.172E-04  -0.144E-04  -0.158E-04  -0.157E-04  -0.160E-04  -0.153E-04  -0.146E-04
  -0.120E-04  -0.136E-04  -0.117E-04  -0.190E-04  -0.250E-04  -0.246E-04  -0.247E-04  -0.231E-04
  -0.203E-04  -0.229E-04  -0.198E-04  -0.240E-04  -0.750E-05   0.922E-05   0.423E-05   0.657E-05
   0.480E-05   0.624E-05   0.738E-05   0.110E-04   0.990E-05   0.109E-04   0.937E-05   0.931E-05
   0.919E-05   0.900E-05   0.914E-05   0.379E-05  -0.298E-05  -0.135E-05  -0.260E-05  -0.165E-05
  -0.266E-05  -0.274E-05  -0.445E-05  -0.380E-05  -0.454E-05  -0.363E-05  -0.396E-05  -0.351E-05
  -0.380E-05  -0.331E-05  -0.165E-05   0.115E-05   0.529E-06   0.126E-05   0.695E-06   0.134E-05
   0.115E-05   0.204E-05   0.159E-05   0.210E-05   0.153E-05   0.189E-05   0.146E-05   0.180E-05
   0.131E-05   0.913E-06  -0.352E-06   0.717E-09  -0.484E-06  -0.910E-07  -0.557E-06  -0.281E-06
  -0.822E-06  -0.461E-06  -0.860E-06  -0.453E-06  -0.785E-06  -0.430E-06  -0.738E-06  -0.351E-06
  -0.383E-06   0.282E-06  -0.112E-07   0.364E-06   0.454E-07   0.391E-06   0.126E-06   0.495E-06
   0.208E-06   0.513E-06   0.190E-06   0.490E-06   0.185E-06   0.462E-06   0.140E-06   0.308E-06
  -0.943E-07   0.154E-06  -0.135E-06   0.129E-06  -0.159E-06   0.947E-07  -0.205E-06   0.576E-07
  -0.210E-06   0.585E-07  -0.197E-06   0.564E-07  -0.186E-06   0.781E-07  -0.129E-06   0.163E-06
  -0.648E-07   0.182E-06  -0.594E-07   0.189E-06  -0.375E-07   0.202E-06  -0.292E-07   0.201E-06
  -0.284E-07   0.202E-06  -0.257E-07   0.200E-06  -0.376E-07   0.166E-06  -0.742E-07   0.135E-06
  -0.724E-07   0.134E-06  -0.831E-07   0.130E-06  -0.896E-07   0.121E-06  -0.900E-07   0.120E-06
  -0.855E-07   0.117E-06  -0.762E-07   0.119E-06  -0.755E-07   0.128E-06  -0.612E-07   0.135E-06
  -0.612E-07   0.134E-06  -0.563E-07   0.137E-06  -0.493E-07   0.131E-06  -0.623E-07   0.126E-06
  -0.563E-07   0.129E-06  -0.590E-07   0.123E-06  -0.608E-07   0.105E-06  -0.605E-07   0.117E-06
  -0.647E-07   0.106E-06  -0.653E-07   0.121E-06  -0.649E-07   0.108E-06  -0.596E-07   0.108E-06
  -0.588E-07   0.107E-06  -0.599E-07   0.108E-06  -0.542E-07   0.104E-06  -0.564E-07   0.105E-06
  -0.518E-07   0.102E-06  -0.543E-07   0.108E-06  -0.609E-07   0.978E-07  -0.574E-07   0.976E-07
  -0.536E-07   0.955E-07  -0.568E-07   0.971E-07  -0.499E-07   0.937E-07  -0.517E-07   0.890E-07
  -0.526E-07   0.894E-07  -0.535E-07   0.954E-07  -0.539E-07   0.959E-07  -0.522E-07   0.890E-07
  -0.511E-07   0.849E-07  -0.532E-07   0.893E-07  -0.491E-07   0.806E-07  -0.524E-07   0.825E-07
  -0.579E-07   0.781E-07  -0.521E-07   0.890E-07  -0.538E-07   0.810E-07  -0.512E-07   0.811E-07
  -0.546E-07   0.841E-07  -0.538E-07   0.792E-07  -0.529E-07   0.729E-07  -0.475E-07   0.722E-07
  -0.500E-07   0.794E-07  -0.581E-07   0.763E-07  -0.559E-07   0.746E-07  -0.482E-07   0.757E-07
  -0.463E-07   0.712E-07  -0.441E-07   0.788E-07  -0.459E-07   0.735E-07  -0.468E-07   0.747E-07
  -0.411E-07   0.658E-07  -0.372E-07   0.691E-07  -0.412E-07   0.740E-07  -0.491E-07   0.708E-07
  -0.479E-07   0.672E-07  -0.415E-07   0.649E-07  -0.468E-07   0.628E-07  -0.468E-07   0.641E-07
  -0.509E-07   0.642E-07  -0.504E-07   0.664E-07  -0.485E-07   0.538E-07  -0.331E-07   0.616E-07
  -0.419E-07   0.562E-07  -0.459E-07   0.653E-07  -0.524E-07   0.617E-07  -0.341E-07   0.578E-07
  -0.386E-07   0.493E-07  -0.420E-07   0.596E-07  -0.379E-07   0.642E-07  -0.469E-07   0.565E-07
  -0.357E-07   0.574E-07  -0.377E-07   0.466E-07  -0.394E-07   0.591E-07  -0.456E-07   0.680E-07
  -0.489E-07   0.538E-07  -0.450E-07   0.474E-07  -0.381E-07   0.502E-07  -0.363E-07   0.506E-07
  -0.459E-07   0.616E-07  -0.492E-07   0.434E-07  -0.360E-07   0.631E-07  -0.419E-07   0.519E-07
  -0.334E-07   0.544E-07  -0.307E-07   0.565E-07  -0.424E-07   0.604E-07  -0.329E-07   0.544E-07
  -0.249E-07   0.498E-07  -0.295E-07   0.440E-07  -0.334E-07   0.543E-07  -0.444E-07   0.487E-07
  -0.413E-07   0.504E-07  -0.309E-07   0.394E-07  -0.347E-07   0.539E-07  -0.386E-07   0.519E-07
  -0.413E-07   0.447E-07  -0.302E-07   0.433E-07  -0.341E-07   0.465E-07  -0.301E-07   0.492E-07
  -0.444E-07   0.519E-07  -0.348E-07   0.470E-07  -0.309E-07   0.525E-07  -0.334E-07   0.420E-07
  -0.296E-07   0.465E-07  -0.296E-07   0.489E-07  -0.466E-07   0.478E-07  -0.341E-07   0.471E-07
  -0.341E-07   0.452E-07  -0.312E-07   0.428E-07  -0.339E-07   0.467E-07  -0.373E-07   0.506E-07
  -0.360E-07   0.386E-07  -0.286E-07   0.454E-07  -0.282E-07   0.447E-07  -0.373E-07   0.478E-07
  -0.331E-07   0.517E-07  -0.310E-07   0.431E-07  -0.247E-07   0.413E-07  -0.331E-07   0.395E-07
  -0.294E-07   0.553E-07  -0.304E-07   0.386E-07  -0.302E-07   0.414E-07  -0.386E-07   0.391E-07
  -0.374E-07   0.405E-07  -0.336E-07   0.349E-07  -0.311E-07   0.415E-07  -0.314E-07   0.391E-07
  -0.364E-07   0.399E-07  -0.339E-07   0.362E-07  -0.321E-07   0.392E-07  -0.326E-07   0.399E-07
  -0.340E-07   0.427E-07  -0.301E-07   0.359E-07  -0.306E-07   0.396E-07  -0.300E-07   0.380E-07
  -0.293E-07   0.430E-07  -0.325E-07   0.364E-07  -0.294E-07   0.368E-07  -0.263E-07   0.422E-07
  -0.276E-07   0.366E-07  -0.292E-07   0.328E-07  -0.260E-07   0.401E-07  -0.314E-07   0.391E-07
  -0.265E-07   0.360E-07  -0.256E-07   0.341E-07  -0.241E-07   0.370E-07  -0.273E-07   0.377E-07
  -0.320E-07   0.394E-07  -0.274E-07   0.359E-07  -0.183E-07   0.352E-07  -0.285E-07   0.356E-07
  -0.281E-07   0.361E-07  -0.292E-07   0.395E-07  -0.274E-07   0.321E-07  -0.240E-07   0.334E-07
  -0.200E-07   0.348E-07  -0.254E-07   0.427E-07  -0.202E-07   0.388E-07  -0.207E-07   0.454E-07
  -0.142E-07   0.315E-07  -0.192E-07   0.402E-07  -0.194E-07   0.329E-07  -0.300E-07   0.350E-07
  -0.265E-07   0.375E-07  -0.267E-07   0.307E-07  -0.134E-07   0.323E-07  -0.278E-07   0.323E-07
  -0.305E-07   0.402E-07  -0.200E-07   0.386E-07  -0.148E-07   0.296E-07  -0.447E-08   0.400E-07
  -0.148E-07   0.413E-07  -0.278E-07   0.375E-07  -0.202E-07   0.386E-07  -0.137E-07   0.321E-07
  -0.200E-07   0.400E-07  -0.200E-07   0.296E-07  -0.278E-07   0.247E-07  -0.278E-07   0.348E-07
  -0.251E-07   0.334E-07  -0.148E-07   0.361E-07  -0.251E-07   0.283E-07  -0.161E-07   0.310E-07
  -0.312E-07   0.241E-07  -0.150E-07   0.241E-07  -0.219E-07   0.231E-07  -0.195E-07   0.374E-07
  -0.267E-07   0.278E-07  -0.283E-07   0.265E-07  -0.223E-07   0.281E-07  -0.167E-07   0.237E-07
  -0.184E-07   0.334E-07  -0.298E-07   0.308E-07  -0.223E-07   0.324E-07  -0.262E-07   0.340E-07
  -0.247E-07   0.265E-07  -0.234E-07   0.322E-07  -0.263E-07   0.266E-07  -0.212E-07   0.261E-07
  -0.174E-07   0.243E-07  -0.204E-07   0.237E-07  -0.265E-07   0.335E-07  -0.234E-07   0.364E-07
  -0.262E-07   0.280E-07  -0.129E-07   0.331E-07  -0.215E-07   0.230E-07  -0.263E-07   0.304E-07
  -0.201E-07   0.292E-07  -0.232E-07   0.246E-07  -0.226E-07   0.252E-07  -0.194E-07   0.261E-07
  -0.256E-07   0.242E-07  -0.253E-07   0.277E-07  -0.231E-07   0.296E-07  -0.137E-07   0.274E-07
  -0.179E-07   0.268E-07  -0.160E-07   0.316E-07  -0.244E-07   0.298E-07  -0.191E-07   0.299E-07
  -0.147E-07   0.283E-07  -0.136E-07   0.314E-07  -0.234E-07   0.268E-07  -0.185E-07   0.253E-07
  -0.221E-07   0.273E-07  -0.210E-07   0.316E-07  -0.187E-07   0.257E-07  -0.210E-07   0.278E-07
  -0.172E-07   0.266E-07  -0.221E-07   0.219E-07  -0.182E-07   0.226E-07  -0.200E-07   0.300E-07
  -0.218E-07   0.267E-07  -0.168E-07   0.262E-07  -0.160E-07   0.321E-07  -0.166E-07   0.272E-07
  -0.166E-07   0.269E-07  -0.162E-07   0.253E-07  -0.143E-07   0.275E-07  -0.223E-07   0.207E-07
  -0.159E-07   0.296E-07  -0.216E-07   0.272E-07  -0.144E-07   0.275E-07  -0.175E-07   0.285E-07
  -0.190E-07   0.219E-07  -0.161E-07   0.273E-07  -0.125E-07   0.236E-07  -0.196E-07   0.216E-07
  -0.147E-07   0.231E-07  -0.232E-07   0.198E-07  -0.218E-07   0.265E-07  -0.247E-07   0.215E-07
  -0.202E-07   0.211E-07  -0.124E-07   0.209E-07  -0.213E-07   0.265E-07  -0.239E-07   0.170E-07
  -0.218E-07   0.258E-07  -0.200E-07   0.212E-07  -0.165E-07   0.187E-07  -0.219E-07   0.192E-07
  -0.261E-07   0.213E-07  -0.188E-07   0.117E-07  -0.242E-07   0.216E-07  -0.190E-07   0.263E-07
  -0.228E-07   0.208E-07  -0.234E-07   0.205E-07  -0.206E-07   0.226E-07  -0.219E-07   0.173E-07
  -0.203E-07   0.176E-07  -0.193E-07   0.183E-07  -0.195E-07   0.189E-07  -0.264E-07   0.190E-07
  -0.159E-07   0.178E-07  -0.167E-07   0.166E-07  -0.178E-07   0.161E-07  -0.306E-07   0.148E-07
  -0.217E-07   0.113E-07  -0.166E-07   0.106E-07  -0.204E-07   0.171E-07  -0.236E-07   0.149E-07
  -0.234E-07   0.192E-07  -0.237E-07   0.129E-07  -0.166E-07   0.186E-07  -0.278E-07   0.166E-07
  -0.250E-07   0.180E-07  -0.228E-07   0.111E-07  -0.213E-07   0.153E-07  -0.204E-07   0.882E-08
  -0.237E-07   0.155E-07  -0.238E-07   0.161E-07  -0.275E-07   0.122E-07  -0.262E-07   0.110E-07
  -0.200E-07   0.858E-08  -0.207E-07   0.110E-07  -0.261E-07   0.181E-07  -0.293E-07   0.136E-07
  -0.205E-07   0.124E-07  -0.215E-07   0.107E-07  -0.200E-07   0.153E-07  -0.250E-07   0.162E-07
  -0.272E-07   0.834E-08  -0.265E-07   0.572E-08  -0.210E-07   0.138E-07  -0.267E-07   0.103E-07
  -0.203E-07   0.165E-07  -0.226E-07   0.119E-07  -0.217E-07   0.787E-08  -0.196E-07   0.107E-07
  -0.219E-07   0.141E-07  -0.222E-07   0.145E-07  -0.308E-07   0.162E-07  -0.236E-07   0.107E-07
  -0.207E-07   0.105E-07  -0.265E-07   0.167E-07  -0.246E-07   0.153E-07  -0.277E-07   0.124E-07
  -0.243E-07   0.172E-07  -0.224E-07   0.105E-07  -0.243E-07   0.172E-07  -0.262E-07   0.176E-07
  -0.248E-07   0.105E-07  -0.176E-07   0.114E-07  -0.238E-07   0.124E-07  -0.262E-07   0.114E-07
  -0.243E-07   0.191E-07  -0.219E-07   0.114E-07  -0.229E-07   0.138E-07  -0.205E-07   0.153E-07
  -0.257E-07   0.129E-07  -0.186E-07   0.191E-07  -0.219E-07   0.172E-07  -0.238E-07   0.124E-07
  -0.200E-07   0.572E-08  -0.324E-07   0.153E-07  -0.267E-07   0.134E-07  -0.248E-07   0.186E-07
  -0.219E-07   0.930E-08  -0.191E-07   0.167E-07  -0.234E-07   0.169E-07  -0.210E-07   0.157E-07
  -0.136E-07   0.181E-07  -0.210E-07   0.184E-07  -0.114E-07   0.119E-07  -0.274E-07   0.138E-07
  -0.165E-07   0.138E-07  -0.231E-07   0.129E-07  -0.226E-07   0.906E-08  -0.219E-07   0.906E-08
  -0.265E-07   0.181E-07  -0.265E-07   0.134E-07  -0.184E-07   0.157E-07  -0.124E-07   0.207E-07
  -0.148E-07   0.179E-07  -0.170E-07   0.234E-07  -0.106E-07   0.170E-07  -0.131E-07   0.212E-07
  -0.169E-07   0.260E-07  -0.187E-07   0.191E-07  -0.154E-07   0.153E-07  -0.229E-07   0.117E-07
  -0.178E-07   0.141E-07  -0.198E-07   0.209E-07  -0.190E-07   0.123E-07  -0.160E-07   0.137E-07
  -0.151E-07   0.163E-07  -0.182E-07   0.165E-07  -0.169E-07   0.192E-07  -0.209E-07   0.112E-07
  -0.108E-07   0.149E-07  -0.105E-07   0.160E-07  -0.149E-07   0.193E-07  -0.184E-07   0.158E-07
  -0.202E-07   0.200E-07  -0.168E-07   0.198E-07  -0.159E-07   0.142E-07  -0.116E-07   0.159E-07
  -0.501E-08   0.191E-07  -0.211E-07   0.176E-07  -0.128E-07   0.253E-07  -0.656E-08   0.694E-08
  -0.858E-08   0.238E-07  -0.924E-08   0.214E-07  -0.203E-07   0.197E-07  -0.110E-07   0.193E-07
  -0.135E-07   0.103E-07  -0.276E-08   0.179E-07  -0.115E-07   0.192E-07  -0.153E-07   0.167E-07
  -0.120E-07   0.205E-07  -0.848E-08   0.222E-07  -0.803E-08   0.206E-07  -0.960E-08   0.198E-07
  -0.817E-08   0.207E-07  -0.349E-08   0.170E-07  -0.905E-08   0.178E-07  -0.519E-08   0.165E-07
  -0.108E-07   0.193E-07  -0.152E-07   0.252E-07  -0.757E-08   0.180E-07  -0.671E-08   0.200E-07
  -0.325E-08   0.224E-07  -0.587E-08   0.243E-07  -0.630E-08   0.239E-07  -0.626E-08   0.160E-07
  -0.507E-08   0.128E-07  -0.113E-07   0.168E-07  -0.107E-07   0.221E-07  -0.115E-07   0.158E-07
  -0.542E-08   0.145E-07  -0.175E-08   0.142E-07  -0.789E-08   0.211E-07  -0.462E-08   0.217E-07
  -0.698E-08   0.262E-07   0.408E-08   0.216E-07  -0.362E-08   0.203E-07  -0.172E-08   0.239E-07
  -0.745E-08   0.179E-07  -0.839E-08   0.170E-07  -0.929E-08   0.130E-07  -0.819E-08   0.164E-07
  -0.699E-08   0.140E-07  -0.185E-07   0.171E-07  -0.135E-07   0.159E-07  -0.906E-08   0.151E-07
  -0.452E-08   0.176E-07  -0.450E-08   0.238E-07  -0.351E-08   0.246E-07  -0.305E-09   0.214E-07
  -0.526E-08   0.183E-07  -0.845E-08   0.263E-07   0.123E-08   0.227E-07  -0.108E-07   0.142E-07
  -0.816E-08   0.227E-07  -0.103E-07   0.132E-07  -0.178E-07   0.137E-07  -0.128E-07   0.141E-07
  -0.140E-07   0.136E-07  -0.165E-07   0.130E-07  -0.168E-07   0.919E-08  -0.973E-08   0.121E-07
  -0.120E-07   0.115E-07  -0.157E-07   0.116E-07  -0.107E-07   0.120E-07  -0.141E-07   0.103E-07
  -0.178E-07   0.998E-08  -0.136E-07   0.168E-07  -0.157E-07   0.123E-07  -0.118E-07   0.153E-07
  -0.174E-07   0.139E-07  -0.167E-07   0.553E-08  -0.216E-07   0.106E-07  -0.113E-07   0.118E-07
  -0.174E-07   0.985E-08  -0.216E-07   0.154E-07  -0.199E-07   0.682E-08  -0.165E-07   0.767E-08
  -0.155E-07   0.910E-08  -0.195E-07   0.121E-07  -0.222E-07   0.523E-08  -0.263E-07   0.106E-07
  -0.185E-07   0.891E-08  -0.148E-07   0.133E-07  -0.176E-07   0.463E-08  -0.204E-07   0.104E-07
  -0.206E-07   0.132E-07  -0.284E-07   0.571E-08  -0.163E-07   0.817E-08  -0.153E-07   0.117E-07
  -0.218E-07   0.922E-08  -0.193E-07   0.104E-07  -0.167E-07   0.185E-08  -0.130E-07   0.575E-08
  -0.164E-07   0.705E-08  -0.197E-07   0.104E-07  -0.200E-07   0.942E-08  -0.150E-07   0.851E-08
  -0.225E-07   0.328E-09  -0.181E-07   0.760E-08  -0.252E-07   0.650E-08  -0.187E-07   0.143E-07
  -0.157E-07   0.292E-08  -0.166E-07  -0.668E-08  -0.279E-07   0.665E-08  -0.149E-07   0.116E-07
  -0.169E-07   0.587E-08  -0.188E-07   0.381E-08   0.834E-09   0.834E-08  -0.205E-07   0.152E-08
  -0.218E-07   0.751E-08  -0.995E-08   0.135E-07  -0.142E-07   0.942E-08  -0.168E-07   0.685E-08
  -0.118E-07   0.111E-07  -0.281E-07   0.507E-08  -0.122E-07   0.125E-07  -0.131E-07   0.298E-09
  -0.122E-07   0.501E-08  -0.170E-07   0.679E-08  -0.157E-07   0.167E-07  -0.116E-07   0.153E-07
  -0.159E-07   0.108E-07  -0.161E-07   0.906E-08  -0.870E-08   0.894E-08  -0.211E-07   0.918E-08
  -0.176E-07   0.103E-07  -0.141E-07   0.632E-08  -0.114E-07   0.525E-08  -0.211E-07   0.501E-08
  -0.199E-07   0.170E-07  -0.134E-07   0.501E-08  -0.165E-07   0.858E-08  -0.501E-08   0.262E-08
  -0.160E-07   0.596E-08  -0.148E-07   0.100E-07  -0.763E-08   0.196E-07  -0.105E-07   0.954E-08
  -0.126E-07   0.930E-08  -0.119E-07   0.858E-08  -0.193E-07   0.114E-07  -0.906E-08   0.131E-07
  -0.143E-07   0.715E-08  -0.174E-07   0.572E-08  -0.124E-07   0.129E-07  -0.134E-07   0.138E-07
  -0.105E-07   0.105E-07  -0.167E-07   0.114E-07  -0.129E-07   0.143E-07  -0.763E-08   0.954E-08
  -0.124E-07   0.143E-07  -0.572E-08   0.119E-07  -0.138E-07   0.119E-07  -0.110E-07   0.124E-07
  -0.715E-08   0.129E-07  -0.811E-08   0.105E-07  -0.811E-08   0.110E-07  -0.811E-08   0.176E-07
  -0.129E-07   0.858E-08  -0.668E-08   0.124E-07  -0.153E-07   0.191E-07  -0.763E-08   0.172E-07
  -0.114E-07   0.114E-07  -0.114E-07   0.124E-07  -0.114E-07   0.954E-08  -0.114E-07   0.114E-07
  -0.477E-08   0.143E-07  -0.381E-08   0.181E-07  -0.143E-07   0.181E-07  -0.114E-07   0.143E-07
  -0.477E-08   0.134E-07  -0.572E-08   0.191E-07  -0.191E-07   0.114E-07  -0.954E-08   0.124E-07
  -0.114E-07   0.763E-08  -0.858E-08   0.134E-07  -0.763E-08   0.954E-08  -0.134E-07   0.134E-07
  -0.954E-08   0.153E-07  -0.381E-08   0.153E-07  -0.572E-08   0.954E-08  -0.114E-07   0.191E-07
  -0.134E-07   0.114E-07  -0.763E-08   0.210E-07  -0.763E-08   0.954E-08  -0.153E-07   0.191E-07
  -0.763E-08   0.134E-07  -0.114E-07   0.134E-07  -0.134E-07   0.153E-07  -0.134E-07   0.134E-07
  -0.134E-07   0.114E-07  -0.114E-07   0.153E-07  -0.954E-08   0.114E-07  -0.153E-07   0.134E-07
  -0.381E-08   0.210E-07   0.381E-08   0.134E-07  -0.134E-07   0.248E-07  -0.134E-07   0.172E-07
  -0.153E-07   0.172E-07  -0.763E-08   0.153E-07  -0.763E-08   0.572E-08  -0.114E-07   0.153E-07
  -0.114E-07   0.153E-07  -0.153E-07   0.114E-07  -0.153E-07   0.153E-07  -0.153E-07   0.763E-08
  -0.114E-07   0.114E-07  -0.153E-07   0.153E-07  -0.191E-07   0.191E-07  -0.153E-07   0.191E-07
  -0.114E-07   0.114E-07  -0.763E-08   0.114E-07  -0.191E-07   0.153E-07  -0.191E-07   0.153E-07
  -0.114E-07   0.153E-07  -0.114E-07   0.153E-07  -0.191E-07   0.153E-07  -0.153E-07   0.191E-07
  -0.191E-07   0.153E-07  -0.153E-07   0.763E-08  -0.153E-07   0.114E-07  -0.191E-07   0.763E-08
  -0.114E-07   0.763E-08  -0.114E-07   0.153E-07  -0.191E-07   0.763E-08  -0.191E-07   0.114E-07
  -0.153E-07   0.114E-07  -0.114E-07   0.114E-07  -0.153E-07   0.114E-07  -0.153E-07   0.153E-07
  -0.153E-07   0.114E-07  -0.191E-07   0.153E-07  -0.114E-07   0.114E-07  -0.153E-07   0.114E-07
  -0.114E-07   0.114E-07  -0.191E-07   0.763E-08  -0.114E-07   0.153E-07  -0.114E-07   0.954E-08
  -0.172E-07   0.191E-07  -0.572E-08   0.172E-07  -0.954E-08   0.114E-07  -0.153E-07   0.134E-07
  -0.114E-07   0.114E-07  -0.381E-08   0.114E-07  -0.172E-07   0.134E-07  -0.134E-07   0.153E-07
  -0.153E-07   0.763E-08  -0.172E-07   0.954E-08  -0.153E-07   0.763E-08  -0.229E-07   0.124E-07
  -0.181E-07   0.954E-08  -0.181E-07   0.105E-07  -0.143E-07   0.162E-07  -0.153E-07   0.715E-08
  -0.153E-07   0.134E-07  -0.110E-07   0.129E-07  -0.100E-07   0.137E-07  -0.109E-07   0.168E-07
  -0.160E-07   0.141E-07  -0.124E-07   0.153E-07  -0.114E-07   0.114E-07  -0.129E-07   0.114E-07
  -0.858E-08   0.153E-07  -0.162E-07   0.858E-08  -0.172E-07   0.134E-07  -0.172E-07   0.114E-07
  -0.172E-07   0.763E-08  -0.954E-08   0.134E-07  -0.134E-07   0.954E-08  -0.954E-08   0.114E-07
  -0.134E-07   0.153E-07  -0.114E-07   0.114E-07  -0.153E-07   0.153E-07  -0.153E-07   0.114E-07
  -0.114E-07   0.191E-07  -0.114E-07   0.153E-07  -0.114E-07   0.114E-07  -0.114E-07   0.191E-07
  -0.114E-07   0.114E-07  -0.114E-07   0.191E-07  -0.153E-07   0.153E-07  -0.153E-07   0.153E-07
  -0.229E-07   0.191E-07  -0.153E-07   0.153E-07  -0.114E-07   0.153E-07   0.000E+00   0.229E-07
  -0.763E-08   0.153E-07   0.000E+00   0.153E-07  -0.153E-07   0.763E-08  -0.153E-07   0.153E-07
  -0.763E-08   0.000E+00  -0.229E-07   0.153E-07  -0.763E-08   0.153E-07  -0.763E-08   0.153E-07
  -0.153E-07   0.153E-07  -0.763E-08   0.153E-07  -0.763E-08   0.153E-07  -0.763E-08   0.229E-07
   0.000E+00   0.229E-07  -0.763E-08   0.153E-07  -0.763E-08   0.153E-07  -0.763E-08   0.000E+00
   0.000E+00   0.229E-07  -0.153E-07   0.153E-07  -0.763E-08   0.229E-07  -0.763E-08   0.763E-08
  -0.153E-07   0.153E-07  -0.763E-08   0.153E-07  -0.153E-07   0.763E-08  -0.763E-08   0.763E-08
   0.000E+00   0.763E-08  -0.763E-08   0.153E-07  -0.763E-08   0.153E-07  -0.763E-08   0.153E-07
  -0.763E-08   0.153E-07   0.000E+00   0.000E+00  -0.763E-08   0.153E-07  -0.153E-07   0.229E-07
   0.000E+00   0.763E-08  -0.153E-07   0.153E-07  -0.763E-08   0.763E-08  -0.153E-07   0.763E-08
  -0.763E-08   0.763E-08  -0.763E-08   0.763E-08  -0.153E-07   0.153E-07   0.000E+00   0.153E-07
  -0.763E-08   0.153E-07  -0.153E-07   0.229E-07  -0.153E-07   0.229E-07  -0.153E-07   0.191E-07
   0.000E+00   0.153E-07  -0.114E-07   0.114E-07  -0.191E-07   0.114E-07  -0.763E-08   0.191E-07
  -0.381E-08   0.153E-07  -0.114E-07   0.763E-08  -0.114E-07   0.114E-07  -0.763E-08   0.153E-07
  -0.381E-08   0.153E-07  -0.191E-07   0.763E-08  -0.153E-07   0.763E-08  -0.114E-07   0.153E-07
  -0.153E-07   0.153E-07  -0.763E-08   0.114E-07  -0.114E-07   0.954E-08  -0.381E-08   0.763E-08
  -0.114E-07   0.172E-07  -0.381E-08   0.114E-07  -0.134E-07   0.134E-07  -0.763E-08   0.191E-07
  -0.763E-08   0.668E-08  -0.143E-07   0.114E-07  -0.105E-07   0.858E-08  -0.124E-07   0.143E-07
  -0.954E-08   0.811E-08  -0.172E-07   0.134E-07  -0.131E-07   0.525E-08  -0.930E-08   0.536E-08
  -0.834E-08   0.501E-08  -0.134E-07   0.954E-08  -0.100E-07   0.715E-08  -0.153E-07   0.763E-08
  -0.572E-08   0.954E-08  -0.172E-07   0.477E-08  -0.153E-07   0.477E-08  -0.153E-07   0.763E-08
  -0.134E-07   0.114E-07  -0.134E-07   0.763E-08  -0.153E-07   0.954E-08  -0.114E-07   0.381E-08
  -0.114E-07   0.153E-07  -0.114E-07   0.381E-08  -0.763E-08   0.114E-07  -0.114E-07   0.954E-08
  -0.114E-07   0.763E-08  -0.172E-07   0.114E-07  -0.153E-07   0.114E-07  -0.114E-07   0.381E-08
  -0.381E-08   0.000E+00  -0.763E-08   0.000E+00  -0.153E-07   0.153E-07  -0.153E-07   0.153E-07
  -0.114E-07   0.114E-07  -0.114E-07   0.381E-08  -0.191E-07   0.763E-08  -0.153E-07   0.763E-08
  -0.763E-08   0.381E-08  -0.153E-07   0.381E-08  -0.114E-07   0.114E-07  -0.763E-08   0.114E-07
  -0.114E-07   0.153E-07  -0.191E-07   0.763E-08  -0.114E-07   0.381E-08  -0.153E-07   0.114E-07
  -0.763E-08   0.114E-07  -0.114E-07   0.000E+00  -0.763E-08   0.763E-08  -0.114E-07   0.763E-08
  -0.153E-07   0.763E-08  -0.114E-07   0.000E+00  -0.114E-07   0.763E-08  -0.191E-07   0.114E-07
  -0.763E-08   0.763E-08  -0.153E-07   0.763E-08   0.000E+00   0.153E-07  -0.114E-07   0.000E+00
  -0.153E-07   0.153E-07  -0.114E-07   0.763E-08  -0.114E-07   0.114E-07  -0.763E-08   0.153E-07
  -0.763E-08   0.191E-07  -0.763E-08   0.114E-07  -0.763E-08   0.114E-07  -0.763E-08   0.114E-07
  -0.954E-08   0.763E-08  -0.114E-07   0.191E-07  -0.763E-08   0.153E-07  -0.763E-08   0.114E-07
  -0.763E-08   0.572E-08  -0.763E-08   0.114E-07  -0.572E-08   0.153E-07  -0.134E-07   0.134E-07
  -0.763E-08   0.172E-07  -0.763E-08   0.172E-07  -0.572E-08   0.134E-07  -0.153E-07   0.954E-08
  -0.114E-07   0.114E-07  -0.763E-08   0.763E-08  -0.191E-08   0.114E-07  -0.763E-08   0.954E-08
  -0.114E-07   0.153E-07  -0.114E-07   0.763E-08  -0.763E-08   0.114E-07   0.191E-08   0.172E-07
  -0.153E-07   0.153E-07  -0.381E-08   0.172E-07  -0.763E-08   0.153E-07  -0.172E-07   0.134E-07
  -0.381E-08   0.191E-07  -0.286E-08   0.162E-07  -0.954E-08   0.191E-07  -0.114E-07   0.172E-07
  -0.477E-08   0.134E-07  -0.572E-08   0.229E-07  -0.572E-08   0.153E-07  -0.954E-08   0.191E-07
  -0.114E-07   0.153E-07  -0.763E-08   0.134E-07  -0.763E-08   0.134E-07  -0.105E-07   0.200E-07
  -0.954E-08   0.162E-07   0.954E-09   0.191E-07  -0.954E-08   0.153E-07  -0.191E-08   0.210E-07
  -0.572E-08   0.172E-07  -0.286E-08   0.210E-07  -0.191E-08   0.210E-07  -0.620E-08   0.205E-07
  -0.954E-08   0.157E-07  -0.381E-08   0.191E-07  -0.429E-08   0.196E-07  -0.954E-08   0.167E-07
  -0.157E-07   0.954E-08  -0.100E-07   0.157E-07  -0.429E-08   0.157E-07  -0.110E-07   0.191E-07
  -0.334E-08   0.129E-07  -0.381E-08   0.229E-07  -0.167E-07   0.205E-07  -0.119E-07   0.167E-07
  -0.858E-08   0.181E-07  -0.644E-08   0.200E-07  -0.103E-07   0.219E-07  -0.906E-08   0.193E-07
  -0.477E-08   0.145E-07  -0.238E-08   0.191E-07  -0.286E-08   0.176E-07  -0.882E-08   0.246E-07
  -0.165E-07   0.174E-07  -0.763E-08   0.181E-07  -0.525E-08   0.148E-07  -0.572E-08   0.145E-07
  -0.167E-07   0.150E-07  -0.122E-07   0.201E-07  -0.135E-07   0.966E-08  -0.122E-07   0.144E-07
  -0.679E-08   0.128E-07  -0.156E-07   0.184E-07  -0.112E-07   0.170E-07  -0.489E-08   0.169E-07
  -0.101E-07   0.170E-07  -0.119E-07   0.126E-07  -0.237E-07   0.226E-07  -0.236E-07   0.172E-07
  -0.169E-07   0.811E-08  -0.870E-08   0.114E-07  -0.144E-07   0.175E-07  -0.163E-07   0.147E-07
  -0.265E-07   0.133E-07  -0.144E-07   0.620E-08  -0.144E-07   0.195E-07  -0.727E-08   0.148E-07
  -0.210E-07   0.104E-07  -0.106E-07   0.130E-07  -0.153E-07   0.626E-08  -0.107E-07   0.152E-07
  -0.201E-07   0.930E-08  -0.285E-07   0.108E-07  -0.232E-07   0.133E-07  -0.147E-07   0.489E-08
  -0.130E-07   0.209E-08  -0.222E-07   0.111E-07  -0.247E-07   0.116E-07  -0.271E-07   0.135E-07
  -0.240E-07   0.834E-08  -0.122E-07   0.712E-08  -0.143E-07   0.362E-08  -0.237E-07   0.183E-07
  -0.150E-07   0.136E-07  -0.139E-07   0.626E-08  -0.148E-07   0.177E-07  -0.257E-07   0.909E-08
  -0.235E-07   0.148E-07  -0.161E-07   0.435E-08  -0.180E-07   0.805E-08  -0.214E-07   0.502E-08
  -0.283E-07   0.627E-08  -0.269E-07   0.136E-08  -0.284E-07   0.160E-07  -0.305E-07   0.714E-08
  -0.194E-07  -0.207E-08  -0.164E-07   0.870E-08  -0.198E-07   0.750E-08  -0.240E-07   0.694E-08
  -0.150E-07   0.100E-07  -0.165E-07   0.223E-08  -0.212E-07   0.131E-07  -0.154E-07   0.143E-07
  -0.164E-07   0.220E-09  -0.221E-07   0.207E-08  -0.193E-07   0.323E-08  -0.195E-07   0.555E-08
  -0.216E-07   0.886E-08  -0.253E-07   0.772E-08  -0.246E-07   0.126E-08  -0.167E-07   0.205E-08
  -0.260E-07   0.529E-08  -0.222E-07   0.193E-08  -0.232E-07   0.403E-08  -0.216E-07   0.623E-08
  -0.253E-07   0.359E-08  -0.316E-07   0.897E-08  -0.165E-07   0.686E-08  -0.254E-07   0.204E-08
  -0.214E-07   0.107E-07  -0.231E-07   0.582E-08  -0.183E-07   0.153E-07  -0.129E-07   0.972E-08
  -0.192E-07   0.164E-07  -0.204E-07   0.106E-07  -0.155E-07   0.981E-08  -0.156E-07   0.142E-07
  -0.132E-07   0.105E-07  -0.173E-07   0.104E-07  -0.965E-08   0.129E-07  -0.148E-07   0.147E-07
  -0.141E-07   0.142E-07  -0.147E-07   0.687E-08  -0.149E-07   0.154E-07  -0.119E-07   0.221E-07
  -0.189E-07   0.128E-07  -0.156E-07   0.107E-07  -0.191E-07   0.835E-08  -0.137E-07   0.107E-07
  -0.150E-07   0.154E-07  -0.185E-07   0.127E-07  -0.134E-07   0.140E-07  -0.115E-07   0.130E-07
  -0.802E-08   0.205E-07  -0.157E-07   0.157E-07  -0.116E-07   0.163E-07  -0.148E-07   0.733E-08
  -0.154E-07   0.176E-07  -0.167E-07   0.174E-07  -0.130E-07   0.169E-07  -0.175E-07   0.130E-07
  -0.170E-07   0.895E-08  -0.152E-07   0.145E-07  -0.246E-07   0.181E-07  -0.996E-08   0.157E-07
  -0.175E-07   0.119E-07  -0.103E-07   0.203E-07  -0.143E-07   0.971E-08  -0.919E-08   0.173E-07
  -0.192E-07   0.135E-07  -0.107E-07   0.214E-07  -0.633E-08   0.175E-07  -0.648E-08   0.906E-08
  -0.605E-08   0.134E-07  -0.162E-07   0.161E-07  -0.195E-07   0.113E-07  -0.134E-07   0.180E-07
  -0.581E-08   0.701E-08  -0.114E-07   0.162E-07  -0.151E-07   0.140E-07  -0.209E-07   0.129E-07
  -0.952E-08   0.206E-07  -0.443E-08   0.104E-07  -0.108E-07   0.221E-07  -0.970E-08   0.198E-07
  -0.816E-08   0.257E-07  -0.150E-07   0.197E-07  -0.495E-08   0.207E-07  -0.609E-08   0.193E-07
  -0.972E-08   0.153E-07  -0.530E-08   0.214E-07  -0.148E-07   0.129E-07  -0.130E-07   0.133E-07
  -0.957E-08   0.161E-07  -0.152E-07   0.203E-07  -0.178E-07   0.201E-07  -0.100E-07   0.181E-07
  -0.816E-08   0.135E-07  -0.964E-08   0.172E-07  -0.134E-07   0.204E-07  -0.137E-07   0.183E-07
  -0.881E-08   0.179E-07  -0.137E-07   0.201E-07  -0.677E-08   0.185E-07  -0.113E-07   0.131E-07
  -0.996E-08   0.160E-07  -0.114E-07   0.138E-07  -0.141E-07   0.129E-07  -0.101E-07   0.168E-07
  -0.130E-07   0.152E-07  -0.169E-07   0.224E-07  -0.143E-07   0.147E-07  -0.109E-07   0.175E-07
  -0.751E-08   0.169E-07  -0.121E-07   0.138E-07  -0.111E-07   0.181E-07  -0.130E-07   0.171E-07
  -0.135E-07   0.148E-07  -0.163E-07   0.146E-07  -0.125E-07   0.190E-07  -0.103E-07   0.187E-07
  -0.103E-07   0.122E-07  -0.994E-08   0.135E-07  -0.145E-07   0.179E-07  -0.141E-07   0.178E-07
  -0.151E-07   0.240E-07  -0.114E-07   0.181E-07  -0.158E-07   0.119E-07  -0.155E-07   0.169E-07
  -0.109E-07   0.100E-07  -0.155E-07   0.165E-07  -0.167E-07   0.148E-07  -0.167E-07   0.110E-07
  -0.165E-07   0.134E-07  -0.147E-07   0.169E-07  -0.187E-07   0.163E-07  -0.155E-07   0.171E-07
  -0.179E-07   0.123E-07  -0.120E-07   0.152E-07  -0.195E-07   0.718E-08  -0.212E-07   0.982E-08
  -0.206E-07   0.160E-07  -0.163E-07   0.143E-07  -0.175E-07   0.132E-07  -0.185E-07   0.177E-07
  -0.166E-07   0.146E-07  -0.178E-07   0.175E-07  -0.189E-07   0.162E-07  -0.151E-07   0.235E-07
  -0.114E-07   0.152E-07  -0.190E-07   0.158E-07  -0.217E-07   0.993E-08  -0.234E-07   0.189E-07
  -0.169E-07   0.186E-07  -0.138E-07   0.171E-07  -0.219E-07   0.116E-07  -0.219E-07   0.122E-07
  -0.178E-07   0.197E-07  -0.221E-07   0.138E-07  -0.202E-07   0.167E-07  -0.223E-07   0.204E-07
  -0.210E-07   0.144E-07  -0.189E-07   0.167E-07  -0.201E-07   0.145E-07  -0.193E-07   0.147E-07
  -0.224E-07   0.156E-07  -0.285E-07   0.110E-07  -0.231E-07   0.102E-07  -0.199E-07   0.160E-07
  -0.196E-07   0.170E-07  -0.215E-07   0.183E-07  -0.178E-07   0.172E-07  -0.173E-07   0.140E-07
  -0.179E-07   0.187E-07  -0.180E-07   0.137E-07  -0.192E-07   0.165E-07  -0.228E-07   0.142E-07
  -0.189E-07   0.185E-07  -0.195E-07   0.138E-07  -0.212E-07   0.132E-07  -0.230E-07   0.168E-07
  -0.200E-07   0.180E-07  -0.227E-07   0.160E-07  -0.262E-07   0.159E-07  -0.167E-07   0.180E-07
  -0.209E-07   0.188E-07  -0.201E-07   0.170E-07  -0.200E-07   0.220E-07  -0.242E-07   0.123E-07
  -0.197E-07   0.221E-07  -0.187E-07   0.178E-07  -0.225E-07   0.148E-07  -0.224E-07   0.168E-07
  -0.197E-07   0.164E-07  -0.194E-07   0.177E-07  -0.193E-07   0.222E-07  -0.233E-07   0.195E-07
  -0.242E-07   0.168E-07  -0.186E-07   0.255E-07  -0.187E-07   0.161E-07  -0.200E-07   0.191E-07
  -0.161E-07   0.222E-07  -0.161E-07   0.274E-07  -0.183E-07   0.208E-07  -0.193E-07   0.215E-07
  -0.193E-07   0.196E-07  -0.298E-07   0.144E-07  -0.271E-07   0.143E-07  -0.238E-07   0.142E-07
  -0.212E-07   0.224E-07  -0.286E-07   0.157E-07  -0.214E-07   0.164E-07  -0.333E-07   0.208E-07
  -0.223E-07   0.207E-07  -0.243E-07   0.256E-07  -0.287E-07   0.197E-07  -0.318E-07   0.139E-07
  -0.240E-07   0.229E-07  -0.250E-07   0.224E-07  -0.194E-07   0.292E-07  -0.224E-07   0.182E-07
  -0.198E-07   0.263E-07  -0.275E-07   0.261E-07  -0.223E-07   0.253E-07  -0.220E-07   0.209E-07
  -0.189E-07   0.230E-07  -0.204E-07   0.248E-07  -0.146E-07   0.237E-07  -0.255E-07   0.207E-07
  -0.185E-07   0.212E-07  -0.166E-07   0.270E-07  -0.214E-07   0.249E-07  -0.170E-07   0.277E-07
  -0.289E-07   0.159E-07  -0.256E-07   0.222E-07  -0.173E-07   0.247E-07  -0.276E-07   0.226E-07
  -0.229E-07   0.244E-07  -0.252E-07   0.187E-07  -0.274E-07   0.152E-07  -0.354E-07   0.182E-07
  -0.231E-07   0.212E-07  -0.297E-07   0.193E-07  -0.255E-07   0.221E-07  -0.300E-07   0.215E-07
  -0.252E-07   0.178E-07  -0.260E-07   0.251E-07  -0.237E-07   0.258E-07  -0.325E-07   0.140E-07
  -0.254E-07   0.173E-07  -0.319E-07   0.139E-07  -0.260E-07   0.213E-07  -0.294E-07   0.200E-07
  -0.334E-07   0.186E-07  -0.281E-07   0.184E-07  -0.256E-07   0.146E-07  -0.288E-07   0.157E-07
  -0.277E-07   0.181E-07  -0.381E-07   0.132E-07  -0.302E-07   0.167E-07  -0.273E-07   0.107E-07
  -0.346E-07   0.159E-07  -0.267E-07   0.227E-07  -0.323E-07   0.134E-07  -0.332E-07   0.134E-07
  -0.305E-07   0.132E-07  -0.334E-07   0.224E-07  -0.310E-07   0.161E-07  -0.260E-07   0.211E-07
  -0.310E-07   0.197E-07  -0.332E-07   0.159E-07  -0.256E-07   0.224E-07  -0.245E-07   0.213E-07
  -0.334E-07   0.211E-07  -0.334E-07   0.161E-07  -0.332E-07   0.582E-08  -0.332E-07   0.186E-07
  -0.359E-07   0.200E-07  -0.310E-07   0.173E-07  -0.359E-07   0.175E-07  -0.296E-07   0.148E-07
